app/build/outputs/logs/manifest-merger-debug-report.txt
-- Merging decision tree log ---
manifest
ADDED from src\main\AndroidManifest.xml:2:1-145:12
	package
		ADDED from src\main\AndroidManifest.xml:3:5-42
		INJECTED from src\main\AndroidManifest.xml
		INJECTED from src\main\AndroidManifest.xml
	android:versionName
		INJECTED from src\main\AndroidManifest.xml
		INJECTED from src\main\AndroidManifest.xml
	xmlns:android
		ADDED from src\main\AndroidManifest.xml:2:11-69
	android:versionCode
		INJECTED from src\main\AndroidManifest.xml
		INJECTED from src\main\AndroidManifest.xml
uses-sdk
ADDED from src\main\AndroidManifest.xml:5:5-7:41
MERGED from [com.android.support:design:23.4.0] AndroidManifest.xml:20:5-43
MERGED from [com.android.support:recyclerview-v7:23.4.0] AndroidManifest.xml:20:5-43
MERGED from [com.android.support:appcompat-v7:23.4.0] AndroidManifest.xml:21:5-23:78
MERGED from [com.android.support:animated-vector-drawable:23.4.0] AndroidManifest.xml:5:5-44
MERGED from [com.android.support:support-vector-drawable:23.4.0] AndroidManifest.xml:5:5-43
MERGED from [com.android.support:support-v4:23.4.0] AndroidManifest.xml:20:5-43
	tools:overrideLibrary
		ADDED from [com.android.support:appcompat-v7:23.4.0] AndroidManifest.xml:23:9-75
	android:targetSdkVersion
		ADDED from src\main\AndroidManifest.xml:7:9-38
		INJECTED from src\main\AndroidManifest.xml
		INJECTED from src\main\AndroidManifest.xml
	android:minSdkVersion
		ADDED from src\main\AndroidManifest.xml:6:9-35
		INJECTED from src\main\AndroidManifest.xml
		INJECTED from src\main\AndroidManifest.xml
uses-permission#android.permission.WRITE_SMS
ADDED from src\main\AndroidManifest.xml:9:5-68
	android:name
		ADDED from src\main\AndroidManifest.xml:9:22-65
uses-permission#android.permission.READ_SMS
ADDED from src\main\AndroidManifest.xml:10:5-67
	android:name
		ADDED from src\main\AndroidManifest.xml:10:22-64
uses-permission#android.permission.SEND_SMS
ADDED from src\main\AndroidManifest.xml:11:5-66
	android:name
		ADDED from src\main\AndroidManifest.xml:11:22-64
uses-permission#android.permission.RECEIVE_SMS
ADDED from src\main\AndroidManifest.xml:12:5-70
	android:name
		ADDED from src\main\AndroidManifest.xml:12:22-67
uses-permission#android.permission.READ_CONTACTS
ADDED from src\main\AndroidManifest.xml:13:5-72
	android:name
		ADDED from src\main\AndroidManifest.xml:13:22-69
uses-permission#android.permission.WRITE_CONTACTS
ADDED from src\main\AndroidManifest.xml:14:5-72
	android:name
		ADDED from src\main\AndroidManifest.xml:14:22-70
uses-permission#android.permission.CALL_PHONE
ADDED from src\main\AndroidManifest.xml:15:5-69
	android:name
		ADDED from src\main\AndroidManifest.xml:15:22-66
uses-permission#android.permission.WRITE_EXTERNAL_STORAGE
ADDED from src\main\AndroidManifest.xml:17:5-81
	android:name
		ADDED from src\main\AndroidManifest.xml:17:22-78
uses-permission#android.permission.READ_PHONE_STATE
ADDED from src\main\AndroidManifest.xml:18:5-75
	android:name
		ADDED from src\main\AndroidManifest.xml:18:22-72
uses-permission#android.permission.READ_EXTERNAL_STORAGE
ADDED from src\main\AndroidManifest.xml:19:5-80
	android:name
		ADDED from src\main\AndroidManifest.xml:19:22-77
uses-permission#android.permission.RECORD_AUDIO
ADDED from src\main\AndroidManifest.xml:20:5-70
	android:name
		ADDED from src\main\AndroidManifest.xml:20:22-68
uses-permission#android.permission.WAKE_LOCK
ADDED from src\main\AndroidManifest.xml:21:5-68
	android:name
		ADDED from src\main\AndroidManifest.xml:21:22-65
application
ADDED from src\main\AndroidManifest.xml:23:5-144:19
MERGED from [com.android.support:design:23.4.0] AndroidManifest.xml:22:5-20
MERGED from [com.android.support:appcompat-v7:23.4.0] AndroidManifest.xml:25:5-20
MERGED from [com.android.support:animated-vector-drawable:23.4.0] AndroidManifest.xml:7:5-20
MERGED from [com.android.support:support-vector-drawable:23.4.0] AndroidManifest.xml:7:5-20
MERGED from [com.android.support:support-v4:23.4.0] AndroidManifest.xml:22:5-20
	android:label
		ADDED from src\main\AndroidManifest.xml:26:9-41
	android:supportsRtl
		ADDED from src\main\AndroidManifest.xml:27:9-35
	android:allowBackup
		ADDED from src\main\AndroidManifest.xml:24:9-35
	android:icon
		ADDED from src\main\AndroidManifest.xml:25:9-43
	android:theme
		ADDED from src\main\AndroidManifest.xml:28:9-40
activity#com.example.naris.slacktalk.WelcomeActivity
ADDED from src\main\AndroidManifest.xml:30:9-40:20
	android:theme
		ADDED from src\main\AndroidManifest.xml:31:13-52
	android:name
		ADDED from src\main\AndroidManifest.xml:30:19-50
intent-filter#android.intent.action.MAIN+android.intent.category.BROWSABLE+android.intent.category.DEFAULT+android.intent.category.LAUNCHER+android.intent.category.MULTIWINDOW_LAUNCHER+android.intent.category.PENWINDOW_LAUNCHER
ADDED from src\main\AndroidManifest.xml:32:13-39:29
action#android.intent.action.MAIN
ADDED from src\main\AndroidManifest.xml:33:17-69
	android:name
		ADDED from src\main\AndroidManifest.xml:33:25-66
category#android.intent.category.LAUNCHER
ADDED from src\main\AndroidManifest.xml:34:17-77
	android:name
		ADDED from src\main\AndroidManifest.xml:34:27-74
category#android.intent.category.DEFAULT
ADDED from src\main\AndroidManifest.xml:35:17-76
	android:name
		ADDED from src\main\AndroidManifest.xml:35:27-73
category#android.intent.category.BROWSABLE
ADDED from src\main\AndroidManifest.xml:36:17-78
	android:name
		ADDED from src\main\AndroidManifest.xml:36:27-75
category#android.intent.category.MULTIWINDOW_LAUNCHER
ADDED from src\main\AndroidManifest.xml:37:17-89
	android:name
		ADDED from src\main\AndroidManifest.xml:37:27-86
category#android.intent.category.PENWINDOW_LAUNCHER
ADDED from src\main\AndroidManifest.xml:38:17-87
	android:name
		ADDED from src\main\AndroidManifest.xml:38:27-84
activity#com.example.naris.slacktalk.ChatActivity
ADDED from src\main\AndroidManifest.xml:42:9-45:58
	android:label
		ADDED from src\main\AndroidManifest.xml:44:13-57
	android:theme
		ADDED from src\main\AndroidManifest.xml:45:13-56
	android:name
		ADDED from src\main\AndroidManifest.xml:43:13-41
receiver#com.example.naris.slacktalk.WidgetActivity
ADDED from src\main\AndroidManifest.xml:47:9-55:20
	android:name
		ADDED from src\main\AndroidManifest.xml:47:19-49
intent-filter#android.appwidget.action.APPWIDGET_UPDATE
ADDED from src\main\AndroidManifest.xml:48:13-50:29
action#android.appwidget.action.APPWIDGET_UPDATE
ADDED from src\main\AndroidManifest.xml:49:17-84
	android:name
		ADDED from src\main\AndroidManifest.xml:49:25-81
meta-data#android.appwidget.provider
ADDED from src\main\AndroidManifest.xml:52:13-54:64
	android:resource
		ADDED from src\main\AndroidManifest.xml:54:17-61
	android:name
		ADDED from src\main\AndroidManifest.xml:53:17-58
receiver#com.example.naris.slacktalk.SmsBroadcastReceiver
ADDED from src\main\AndroidManifest.xml:57:9-63:20
	android:permission
		ADDED from src\main\AndroidManifest.xml:58:13-66
	android:name
		ADDED from src\main\AndroidManifest.xml:57:19-55
intent-filter#android.provider.Telephony.SMS_DELIVER+android.provider.Telephony.SMS_RECEIVED
ADDED from src\main\AndroidManifest.xml:59:13-62:29
action#android.provider.Telephony.SMS_RECEIVED
ADDED from src\main\AndroidManifest.xml:60:17-82
	android:name
		ADDED from src\main\AndroidManifest.xml:60:25-79
action#android.provider.Telephony.SMS_DELIVER
ADDED from src\main\AndroidManifest.xml:61:17-81
	android:name
		ADDED from src\main\AndroidManifest.xml:61:25-78
receiver#com.example.naris.slacktalk.MmsReceiver
ADDED from src\main\AndroidManifest.xml:66:9-72:20
	android:permission
		ADDED from src\main\AndroidManifest.xml:67:13-71
	android:name
		ADDED from src\main\AndroidManifest.xml:66:19-46
intent-filter#android.provider.Telephony.WAP_PUSH_DELIVER
ADDED from src\main\AndroidManifest.xml:68:13-71:29
action#android.provider.Telephony.WAP_PUSH_DELIVER
ADDED from src\main\AndroidManifest.xml:69:17-86
	android:name
		ADDED from src\main\AndroidManifest.xml:69:25-83
data
ADDED from src\main\AndroidManifest.xml:70:17-76
	android:mimeType
		ADDED from src\main\AndroidManifest.xml:70:23-73
service#com.example.naris.slacktalk.HeadlessSmsSendService
ADDED from src\main\AndroidManifest.xml:74:9-85:19
	android:exported
		ADDED from src\main\AndroidManifest.xml:76:13-36
	android:permission
		ADDED from src\main\AndroidManifest.xml:75:13-77
	android:name
		ADDED from src\main\AndroidManifest.xml:74:18-56
intent-filter#android.intent.action.RESPOND_VIA_MESSAGE+android.intent.category.DEFAULT
ADDED from src\main\AndroidManifest.xml:77:13-84:29
action#android.intent.action.RESPOND_VIA_MESSAGE
ADDED from src\main\AndroidManifest.xml:78:17-84
	android:name
		ADDED from src\main\AndroidManifest.xml:78:25-81
service#com.example.naris.slacktalk.SpeechService
ADDED from src\main\AndroidManifest.xml:87:9-88:19
	android:name
		ADDED from src\main\AndroidManifest.xml:87:18-47
service#com.example.naris.slacktalk.VoiceControlOutput
ADDED from src\main\AndroidManifest.xml:90:9-91:19
	android:name
		ADDED from src\main\AndroidManifest.xml:90:18-52
service#com.example.naris.slacktalk.VoiceDetectionService
ADDED from src\main\AndroidManifest.xml:93:9-94:19
	android:enabled
		ADDED from src\main\AndroidManifest.xml:93:18-40
	android:name
		ADDED from src\main\AndroidManifest.xml:93:41-78
service#com.example.naris.slacktalk.VoiceActivationService
ADDED from src\main\AndroidManifest.xml:96:9-97:19
	android:enabled
		ADDED from src\main\AndroidManifest.xml:96:18-40
	android:name
		ADDED from src\main\AndroidManifest.xml:96:41-79
activity#com.example.naris.slacktalk.SpeechInput
ADDED from src\main\AndroidManifest.xml:99:9-102:48
	android:launchMode
		ADDED from src\main\AndroidManifest.xml:102:13-46
	android:showOnLockScreen
		ADDED from src\main\AndroidManifest.xml:101:13-44
	android:theme
		ADDED from src\main\AndroidManifest.xml:100:13-62
	android:name
		ADDED from src\main\AndroidManifest.xml:99:19-46
activity#com.example.naris.slacktalk.VoiceControlInput
ADDED from src\main\AndroidManifest.xml:104:9-106:48
	android:launchMode
		ADDED from src\main\AndroidManifest.xml:106:13-46
	android:theme
		ADDED from src\main\AndroidManifest.xml:105:13-62
	android:name
		ADDED from src\main\AndroidManifest.xml:104:19-52
activity#com.example.naris.slacktalk.SetDefaultActivity
ADDED from src\main\AndroidManifest.xml:108:9-119:20
	android:name
		ADDED from src\main\AndroidManifest.xml:108:19-53
intent-filter#android.intent.action.SEND+android.intent.action.SENDTO+android.intent.category.BROWSABLE+android.intent.category.DEFAULT
ADDED from src\main\AndroidManifest.xml:109:9-118:29
action#android.intent.action.SEND
ADDED from src\main\AndroidManifest.xml:110:17-69
	android:name
		ADDED from src\main\AndroidManifest.xml:110:25-66
action#android.intent.action.SENDTO
ADDED from src\main\AndroidManifest.xml:111:17-71
	android:name
		ADDED from src\main\AndroidManifest.xml:111:25-68
activity#com.example.naris.slacktalk.getPermissionActivity
ADDED from src\main\AndroidManifest.xml:120:9-59
	android:name
		ADDED from src\main\AndroidManifest.xml:120:19-56
activity#com.example.naris.slacktalk.Welcome2Activity
ADDED from src\main\AndroidManifest.xml:121:9-53
	android:name
		ADDED from src\main\AndroidManifest.xml:121:19-51
activity#com.example.naris.slacktalk.MainActivity
ADDED from src\main\AndroidManifest.xml:122:9-49
	android:name
		ADDED from src\main\AndroidManifest.xml:122:19-47
activity#com.example.naris.slacktalk.RefreshingActivity
ADDED from src\main\AndroidManifest.xml:123:9-55
	android:name
		ADDED from src\main\AndroidManifest.xml:123:19-53
activity#com.example.naris.slacktalk.ContactActivity
ADDED from src\main\AndroidManifest.xml:124:9-53
	android:name
		ADDED from src\main\AndroidManifest.xml:124:19-50
activity#com.example.naris.slacktalk.SettingsActivity
ADDED from src\main\AndroidManifest.xml:125:9-126:58
	android:theme
		ADDED from src\main\AndroidManifest.xml:126:13-56
	android:name
		ADDED from src\main\AndroidManifest.xml:125:19-51
activity#com.example.naris.slacktalk.CreditActivity
ADDED from src\main\AndroidManifest.xml:127:9-128:58
	android:theme
		ADDED from src\main\AndroidManifest.xml:128:13-56
	android:name
		ADDED from src\main\AndroidManifest.xml:127:19-49
activity#com.example.naris.slacktalk.FAQActivity
ADDED from src\main\AndroidManifest.xml:129:9-130:58
	android:theme
		ADDED from src\main\AndroidManifest.xml:130:13-56
	android:name
		ADDED from src\main\AndroidManifest.xml:129:19-46
activity#com.example.naris.slacktalk.HowItWorksActivity
ADDED from src\main\AndroidManifest.xml:131:9-132:58
	android:theme
		ADDED from src\main\AndroidManifest.xml:132:13-56
	android:name
		ADDED from src\main\AndroidManifest.xml:131:19-53
meta-data#com.samsung.android.sdk.multiwindow.enable
ADDED from src\main\AndroidManifest.xml:134:9-136:36
	android:value
		ADDED from src\main\AndroidManifest.xml:136:13-33
	android:name
		ADDED from src\main\AndroidManifest.xml:135:13-70
meta-data#android.intent.category.MULTIWINDOW_LAUNCHER
ADDED from src\main\AndroidManifest.xml:137:9-139:36
	android:value
		ADDED from src\main\AndroidManifest.xml:139:13-33
	android:name
		ADDED from src\main\AndroidManifest.xml:138:13-72
meta-data#com.sec.android.intent.category.MULTIWINDOW_LAUNCHER
ADDED from src\main\AndroidManifest.xml:140:9-142:36
	android:value
		ADDED from src\main\AndroidManifest.xml:142:13-33
	android:name
		ADDED from src\main\AndroidManifest.xml:141:13-80
meta-data#com.samsung.android.sdk.multiwindow.penwindow.enable
ADDED from src\main\AndroidManifest.xml:143:9-111
	android:value
		ADDED from src\main\AndroidManifest.xml:143:88-108
	android:name
		ADDED from src\main\AndroidManifest.xml:143:20-87